<?xml version="1.0" encoding="UTF-8" standalone="yes"?>
<ns2:test-suite start="1538382466160" stop="1538382555227" version="1.5.2" xmlns:ns2="urn:model.allure.qatools.yandex.ru">
    <name>Bot answers on post</name>
    <description type="text"></description>
    <test-cases>
        <test-case start="1538382466161" stop="1538382555226" status="broken">
            <name>Bot should answer with comment on users's post</name>
            <title>Bot should answer with comment on users's post</title>
            <description type="text"></description>
            <failure>
                <message>NoSuchElementException: Timed out after 5 seconds. Unable to locate the element</message>
                <stack-trace>org.openqa.selenium.NoSuchElementException: Timed out after 5 seconds. Unable to locate the element
	at org.openqa.selenium.support.pagefactory.AjaxElementLocator.findElement(AjaxElementLocator.java:91)
	at org.openqa.selenium.support.pagefactory.internal.LocatingElementHandler.invoke(LocatingElementHandler.java:38)
	at ru.yandex.qatools.htmlelements.loader.decorator.proxyhandlers.WebElementNamedProxyHandler.invoke(WebElementNamedProxyHandler.java:44)
	at com.sun.proxy.$Proxy19.click(Unknown Source)
	at facebook.FBTenantPage.clickNewCommentNotification(FBTenantPage.java:62)
	at steps.FacebookSteps.verifyBotResponseOnAdditionalUserPostInComments(FacebookSteps.java:97)
	at âœ½.And Bot responds with 'Selected branches in major shopping malls are open on Sundays (9am - 1pm or 10am - 2pm). You may visit to check the trading hours of your nearest branch. Use the cellphone banking app to do transactions 24/7. For more information on #TheBestWaytoBank you may visit us' on user additional question regarding open hours(BotAnswerOnPost.feature:12)
Caused by: org.openqa.selenium.NoSuchElementException: no such element: Unable to locate element: {"method":"xpath","selector":"//ul/li[contains(@data-gt, 'feed_comment')]"}
  (Session info: chrome=68.0.3440.75)
  (Driver info: chromedriver=70.0.3538.16 (16ed95b41bb05e565b11fb66ac33c660b721f778),platform=Linux 4.4.0-116-generic x86_64) (WARNING: The server did not provide any stacktrace information)
Command duration or timeout: 0 milliseconds
For documentation on this error, please visit: http://seleniumhq.org/exceptions/no_such_element.html
Build info: version: '3.6.0', revision: '6fbf3ec767', time: '2017-09-27T15:28:36.4Z'
System info: host: 'unassigned', ip: '127.0.1.1', os.name: 'Linux', os.arch: 'amd64', os.version: '4.4.0-116-generic', java.version: '1.8.0_161'
Driver info: org.openqa.selenium.chrome.ChromeDriver
Capabilities [{mobileEmulationEnabled=false, hasTouchScreen=false, platform=LINUX, acceptSslCerts=false, goog:chromeOptions={debuggerAddress=localhost:46104}, acceptInsecureCerts=false, webStorageEnabled=true, browserName=chrome, takesScreenshot=true, javascriptEnabled=true, platformName=LINUX, setWindowRect=true, unexpectedAlertBehaviour=, applicationCacheEnabled=false, rotatable=false, networkConnectionEnabled=false, chrome={chromedriverVersion=70.0.3538.16 (16ed95b41bb05e565b11fb66ac33c660b721f778), userDataDir=/tmp/.com.google.Chrome.JGIeEq}, takesHeapSnapshot=true, unhandledPromptBehavior=, pageLoadStrategy=normal, databaseEnabled=false, handlesAlerts=true, version=68.0.3440.75, browserConnectionEnabled=false, nativeEvents=true, locationContextEnabled=true, cssSelectorsEnabled=true}]
Session ID: c66c6425d7e0de0d1509809029a683c4
*** Element info: {Using=xpath, value=//ul/li[contains(@data-gt, 'feed_comment')]}
	at sun.reflect.GeneratedConstructorAccessor22.newInstance(Unknown Source)
	at sun.reflect.DelegatingConstructorAccessorImpl.newInstance(DelegatingConstructorAccessorImpl.java:45)
	at java.lang.reflect.Constructor.newInstance(Constructor.java:423)
	at org.openqa.selenium.remote.ErrorHandler.createThrowable(ErrorHandler.java:214)
	at org.openqa.selenium.remote.ErrorHandler.throwIfResponseFailed(ErrorHandler.java:166)
	at org.openqa.selenium.remote.http.JsonHttpResponseCodec.reconstructValue(JsonHttpResponseCodec.java:40)
	at org.openqa.selenium.remote.http.AbstractHttpResponseCodec.decode(AbstractHttpResponseCodec.java:82)
	at org.openqa.selenium.remote.http.AbstractHttpResponseCodec.decode(AbstractHttpResponseCodec.java:45)
	at org.openqa.selenium.remote.HttpCommandExecutor.execute(HttpCommandExecutor.java:164)
	at org.openqa.selenium.remote.service.DriverCommandExecutor.execute(DriverCommandExecutor.java:83)
	at org.openqa.selenium.remote.RemoteWebDriver.execute(RemoteWebDriver.java:586)
	at org.openqa.selenium.remote.RemoteWebDriver.findElement(RemoteWebDriver.java:356)
	at org.openqa.selenium.remote.RemoteWebDriver.findElementByXPath(RemoteWebDriver.java:458)
	at org.openqa.selenium.By$ByXPath.findElement(By.java:361)
	at org.openqa.selenium.remote.RemoteWebDriver.findElement(RemoteWebDriver.java:348)
	at org.openqa.selenium.support.pagefactory.DefaultElementLocator.findElement(DefaultElementLocator.java:69)
	at org.openqa.selenium.support.pagefactory.AjaxElementLocator.access$001(AjaxElementLocator.java:41)
	at org.openqa.selenium.support.pagefactory.AjaxElementLocator$SlowLoadingElement.isLoaded(AjaxElementLocator.java:157)
	at org.openqa.selenium.support.ui.SlowLoadableComponent.get(SlowLoadableComponent.java:69)
	at org.openqa.selenium.support.pagefactory.AjaxElementLocator.findElement(AjaxElementLocator.java:87)
	at org.openqa.selenium.support.pagefactory.internal.LocatingElementHandler.invoke(LocatingElementHandler.java:38)
	at ru.yandex.qatools.htmlelements.loader.decorator.proxyhandlers.WebElementNamedProxyHandler.invoke(WebElementNamedProxyHandler.java:44)
	at com.sun.proxy.$Proxy19.click(Unknown Source)
	at facebook.FBTenantPage.clickNewCommentNotification(FBTenantPage.java:62)
	at steps.FacebookSteps.verifyBotResponseOnAdditionalUserPostInComments(FacebookSteps.java:97)
	at sun.reflect.NativeMethodAccessorImpl.invoke0(Native Method)
	at sun.reflect.NativeMethodAccessorImpl.invoke(NativeMethodAccessorImpl.java:62)
	at sun.reflect.DelegatingMethodAccessorImpl.invoke(DelegatingMethodAccessorImpl.java:43)
	at java.lang.reflect.Method.invoke(Method.java:498)
	at cucumber.runtime.Utils$1.call(Utils.java:40)
	at cucumber.runtime.Timeout.timeout(Timeout.java:16)
	at cucumber.runtime.Utils.invoke(Utils.java:34)
	at cucumber.runtime.java.JavaStepDefinition.execute(JavaStepDefinition.java:38)
	at cucumber.runtime.StepDefinitionMatch.runStep(StepDefinitionMatch.java:37)
	at cucumber.runtime.Runtime.runStep(Runtime.java:300)
	at cucumber.runtime.model.StepContainer.runStep(StepContainer.java:44)
	at cucumber.runtime.model.StepContainer.runSteps(StepContainer.java:39)
	at cucumber.runtime.model.CucumberScenario.run(CucumberScenario.java:44)
	at cucumber.runtime.model.CucumberFeature.run(CucumberFeature.java:165)
	at cucumber.api.testng.TestNGCucumberRunner.runCucumber(TestNGCucumberRunner.java:63)
	at cucubmerrunner.TestNgCucumberFeatureRunner.feature(TestNgCucumberFeatureRunner.java:74)
	at sun.reflect.NativeMethodAccessorImpl.invoke0(Native Method)
	at sun.reflect.NativeMethodAccessorImpl.invoke(NativeMethodAccessorImpl.java:62)
	at sun.reflect.DelegatingMethodAccessorImpl.invoke(DelegatingMethodAccessorImpl.java:43)
	at java.lang.reflect.Method.invoke(Method.java:498)
	at org.testng.internal.MethodInvocationHelper.invokeMethod(MethodInvocationHelper.java:85)
	at org.testng.internal.Invoker.invokeMethod(Invoker.java:659)
	at org.testng.internal.Invoker.invokeTestMethod(Invoker.java:845)
	at org.testng.internal.Invoker.invokeTestMethods(Invoker.java:1153)
	at org.testng.internal.TestMethodWorker.invokeTestMethods(TestMethodWorker.java:125)
	at org.testng.internal.TestMethodWorker.run(TestMethodWorker.java:108)
	at org.testng.TestRunner.privateRun(TestRunner.java:771)
	at org.testng.TestRunner.run(TestRunner.java:621)
	at org.testng.SuiteRunner.runTest(SuiteRunner.java:357)
	at org.testng.SuiteRunner.runSequentially(SuiteRunner.java:352)
	at org.testng.SuiteRunner.privateRun(SuiteRunner.java:310)
	at org.testng.SuiteRunner.run(SuiteRunner.java:259)
	at org.testng.SuiteRunnerWorker.runSuite(SuiteRunnerWorker.java:52)
	at org.testng.SuiteRunnerWorker.run(SuiteRunnerWorker.java:86)
	at org.testng.TestNG.runSuitesSequentially(TestNG.java:1199)
	at org.testng.TestNG.runSuitesLocally(TestNG.java:1124)
	at org.testng.TestNG.run(TestNG.java:1032)
	at org.testng.IDEARemoteTestNG.run(IDEARemoteTestNG.java:72)
	at org.testng.RemoteTestNGStarter.main(RemoteTestNGStarter.java:123)
</stack-trace>
            </failure>
            <steps>
                <step start="1538382476721" stop="1538382479731" status="passed">
                    <name>Given Open General Bank Demo page</name>
                    <title>Given Open General Bank Demo page</title>
                </step>
                <step start="1538382479731" stop="1538382481335" status="passed">
                    <name>When User makes post message regarding account balance</name>
                    <title>When User makes post message regarding account balance</title>
                </step>
                <step start="1538382481336" stop="1538382490276" status="passed">
                    <name>Then Post response arrives</name>
                    <title>Then Post response arrives</title>
                </step>
                <step start="1538382490276" stop="1538382490968" status="passed">
                    <name>And User initial message regarding account balance with following bot response 'Hi Tom, checking your balance on your phone is easy. You'll need to download and register the General bank app. Then, select save, sign in and voila, you'll be able to see your balances.' in comments are shown</name>
                    <title>And User initial message regarding account balance with following bot response 'Hi Tom, checking your balance on your phone is easy. You'll need to download and register the General bank app. Then, select save, sign in and voila, you'll be able to see your balances.' in comments are shown</title>
                </step>
                <step start="1538382490969" stop="1538382501421" status="passed">
                    <name>When User sends a new post regarding open hours in the same conversation</name>
                    <title>When User sends a new post regarding open hours in the same conversation</title>
                </step>
                <step start="1538382501421" stop="1538382511474" status="passed">
                    <name>Then Post response arrives</name>
                    <title>Then Post response arrives</title>
                </step>
                <step start="1538382511474" stop="1538382528406" status="broken">
                    <name>And Bot responds with 'Selected branches in major shopping malls are open on Sundays (9am - 1pm or 10am - 2pm). You may visit to check the trading hours of your nearest branch. Use the cellphone banking app to do transactions 24/7. For more information on #TheBestWaytoBank you may visit us' on user additional question regarding open hours</name>
                    <title>And Bot responds with 'Selected branches in major shopping malls are open on Sundays (9am - 1pm or 10am - 2pm). You may visit to check the trading hours of your nearest branch. Use the cellphone banking app to do transactions 24/7. For more information on #TheBestWaytoBank you may visit us' on user additional question regarding open hours</title>
                </step>
            </steps>
            <attachments/>
            <labels>
                <label name="story" value="Bot should answer with comment on users's post"/>
                <label name="feature" value="Bot answers on post"/>
                <label name="host" value="unassigned"/>
                <label name="thread" value="9651@unassigned.main(1)"/>
                <label name="framework" value="CucumberJVM"/>
            </labels>
        </test-case>
    </test-cases>
    <labels>
        <label name="feature" value="Bot answers on post"/>
        <label name="language" value="JAVA"/>
    </labels>
</ns2:test-suite>
