<?xml version="1.0" encoding="UTF-8" standalone="yes"?>
<ns2:test-suite start="1531832030597" stop="1531832177733" version="1.5.2" xmlns:ns2="urn:model.allure.qatools.yandex.ru">
    <name>Transferring chat</name>
    <description type="text">
Verification of basic transfer chat functionality</description>
    <test-cases>
        <test-case start="1531832030597" stop="1531832177725" status="broken">
            <name>Verify if agent is able to transfer chat via "Transfer chat" button</name>
            <title>Verify if agent is able to transfer chat via "Transfer chat" button</title>
            <description type="text"></description>
            <failure>
                <message>TimeoutException: Expected condition failed: waiting for visibility of Transfer Notes (tried for 10 second(s) with 500 MILLISECONDS interval)</message>
                <stack-trace>org.openqa.selenium.TimeoutException: Expected condition failed: waiting for visibility of Transfer Notes (tried for 10 second(s) with 500 MILLISECONDS interval)
	at org.openqa.selenium.support.ui.WebDriverWait.timeoutException(WebDriverWait.java:82)
	at org.openqa.selenium.support.ui.FluentWait.until(FluentWait.java:231)
	at interfaces.WebWait.waitForElementToBeVisibleAgent(WebWait.java:66)
	at agent_side_pages.UIElements.IncomingTransferWindow.getTransferNotes(IncomingTransferWindow.java:30)
	at steps.DefaultAgentSteps.verifyIncomingTransferReceived(DefaultAgentSteps.java:108)
	at âœ½.Then Second agent receives incoming transfer with "Please take care of this one" note from the first agent(TransferingChat.feature:18)
Caused by: org.openqa.selenium.NoSuchElementException: Timed out after 5 seconds. Unable to locate the element
	at org.openqa.selenium.support.pagefactory.AjaxElementLocator.findElement(AjaxElementLocator.java:91)
	at org.openqa.selenium.support.pagefactory.internal.LocatingElementHandler.invoke(LocatingElementHandler.java:38)
	at ru.yandex.qatools.htmlelements.loader.decorator.proxyhandlers.WebElementNamedProxyHandler.invoke(WebElementNamedProxyHandler.java:44)
	at com.sun.proxy.$Proxy23.isDisplayed(Unknown Source)
	at org.openqa.selenium.support.ui.ExpectedConditions.elementIfVisible(ExpectedConditions.java:301)
	at org.openqa.selenium.support.ui.ExpectedConditions.access$100(ExpectedConditions.java:43)
	at org.openqa.selenium.support.ui.ExpectedConditions$10.apply(ExpectedConditions.java:287)
	at org.openqa.selenium.support.ui.ExpectedConditions$10.apply(ExpectedConditions.java:284)
	at org.openqa.selenium.support.ui.FluentWait.until(FluentWait.java:208)
	at interfaces.WebWait.waitForElementToBeVisibleAgent(WebWait.java:66)
	at agent_side_pages.UIElements.IncomingTransferWindow.getTransferNotes(IncomingTransferWindow.java:30)
	at steps.DefaultAgentSteps.verifyIncomingTransferReceived(DefaultAgentSteps.java:108)
	at sun.reflect.NativeMethodAccessorImpl.invoke0(Native Method)
	at sun.reflect.NativeMethodAccessorImpl.invoke(NativeMethodAccessorImpl.java:62)
	at sun.reflect.DelegatingMethodAccessorImpl.invoke(DelegatingMethodAccessorImpl.java:43)
	at java.lang.reflect.Method.invoke(Method.java:498)
	at cucumber.runtime.Utils$1.call(Utils.java:40)
	at cucumber.runtime.Timeout.timeout(Timeout.java:16)
	at cucumber.runtime.Utils.invoke(Utils.java:34)
	at cucumber.runtime.java.JavaStepDefinition.execute(JavaStepDefinition.java:38)
	at cucumber.runtime.StepDefinitionMatch.runStep(StepDefinitionMatch.java:37)
	at cucumber.runtime.Runtime.runStep(Runtime.java:300)
	at cucumber.runtime.model.StepContainer.runStep(StepContainer.java:44)
	at cucumber.runtime.model.StepContainer.runSteps(StepContainer.java:39)
	at cucumber.runtime.model.CucumberScenario.run(CucumberScenario.java:44)
	at cucumber.runtime.model.CucumberFeature.run(CucumberFeature.java:165)
	at cucumber.api.testng.TestNGCucumberRunner.runCucumber(TestNGCucumberRunner.java:63)
	at cucubmerrunner.TestNgCucumberFeatureRunner.feature(TestNgCucumberFeatureRunner.java:79)
	at sun.reflect.NativeMethodAccessorImpl.invoke0(Native Method)
	at sun.reflect.NativeMethodAccessorImpl.invoke(NativeMethodAccessorImpl.java:62)
	at sun.reflect.DelegatingMethodAccessorImpl.invoke(DelegatingMethodAccessorImpl.java:43)
	at java.lang.reflect.Method.invoke(Method.java:498)
	at org.testng.internal.MethodInvocationHelper.invokeMethod(MethodInvocationHelper.java:85)
	at org.testng.internal.Invoker.invokeMethod(Invoker.java:659)
	at org.testng.internal.Invoker.invokeTestMethod(Invoker.java:845)
	at org.testng.internal.Invoker.invokeTestMethods(Invoker.java:1153)
	at org.testng.internal.TestMethodWorker.invokeTestMethods(TestMethodWorker.java:125)
	at org.testng.internal.TestMethodWorker.run(TestMethodWorker.java:108)
	at org.testng.TestRunner.privateRun(TestRunner.java:771)
	at org.testng.TestRunner.run(TestRunner.java:621)
	at org.testng.SuiteRunner.runTest(SuiteRunner.java:357)
	at org.testng.SuiteRunner.runSequentially(SuiteRunner.java:352)
	at org.testng.SuiteRunner.privateRun(SuiteRunner.java:310)
	at org.testng.SuiteRunner.run(SuiteRunner.java:259)
	at org.testng.SuiteRunnerWorker.runSuite(SuiteRunnerWorker.java:52)
	at org.testng.SuiteRunnerWorker.run(SuiteRunnerWorker.java:86)
	at org.testng.TestNG.runSuitesSequentially(TestNG.java:1199)
	at org.testng.TestNG.runSuitesLocally(TestNG.java:1124)
	at org.testng.TestNG.run(TestNG.java:1032)
	at org.testng.IDEARemoteTestNG.run(IDEARemoteTestNG.java:72)
	at org.testng.RemoteTestNGStarter.main(RemoteTestNGStarter.java:123)
Caused by: org.openqa.selenium.NoSuchElementException: Timed out after 5 seconds. Unable to locate the element
	at org.openqa.selenium.support.pagefactory.AjaxElementLocator.findElement(AjaxElementLocator.java:91)
	at org.openqa.selenium.support.pagefactory.internal.LocatingElementHandler.invoke(LocatingElementHandler.java:38)
	at ru.yandex.qatools.htmlelements.loader.decorator.proxyhandlers.WebElementNamedProxyHandler.invoke(WebElementNamedProxyHandler.java:44)
	at com.sun.proxy.$Proxy23.findElement(Unknown Source)
	at org.openqa.selenium.support.pagefactory.DefaultElementLocator.findElement(DefaultElementLocator.java:69)
	at org.openqa.selenium.support.pagefactory.AjaxElementLocator.access$001(AjaxElementLocator.java:41)
	at org.openqa.selenium.support.pagefactory.AjaxElementLocator$SlowLoadingElement.isLoaded(AjaxElementLocator.java:157)
	at org.openqa.selenium.support.ui.SlowLoadableComponent.get(SlowLoadableComponent.java:69)
	at org.openqa.selenium.support.pagefactory.AjaxElementLocator.findElement(AjaxElementLocator.java:87)
	... 50 more
Caused by: org.openqa.selenium.NoSuchElementException: no such element: Unable to locate element: {"method":"css selector","selector":"div.touch-pop-up"}
  (Session info: chrome=66.0.3359.117)
  (Driver info: chromedriver=2.40.565383 (76257d1ab79276b2d53ee976b2c3e3b9f335cde7),platform=Linux 4.4.0-116-generic x86_64) (WARNING: The server did not provide any stacktrace information)
Command duration or timeout: 0 milliseconds
For documentation on this error, please visit: http://seleniumhq.org/exceptions/no_such_element.html
Build info: version: '3.6.0', revision: '6fbf3ec767', time: '2017-09-27T15:28:36.4Z'
System info: host: 'unassigned', ip: '127.0.1.1', os.name: 'Linux', os.arch: 'amd64', os.version: '4.4.0-116-generic', java.version: '1.8.0_161'
Driver info: org.openqa.selenium.chrome.ChromeDriver
Capabilities [{mobileEmulationEnabled=false, hasTouchScreen=false, platform=LINUX, acceptSslCerts=false, acceptInsecureCerts=false, webStorageEnabled=true, browserName=chrome, takesScreenshot=true, javascriptEnabled=true, platformName=LINUX, setWindowRect=true, unexpectedAlertBehaviour=, applicationCacheEnabled=false, rotatable=false, networkConnectionEnabled=false, chrome={chromedriverVersion=2.40.565383 (76257d1ab79276b2d53ee976b2c3e3b9f335cde7), userDataDir=/tmp/.org.chromium.Chromium.Jsez9m}, takesHeapSnapshot=true, pageLoadStrategy=normal, unhandledPromptBehavior=, databaseEnabled=false, handlesAlerts=true, version=66.0.3359.117, browserConnectionEnabled=false, nativeEvents=true, locationContextEnabled=true, cssSelectorsEnabled=true}]
Session ID: 4a7802d7bf0550bd288fc07c0a8e3372
*** Element info: {Using=css selector, value=div.touch-pop-up}
	at sun.reflect.GeneratedConstructorAccessor32.newInstance(Unknown Source)
	at sun.reflect.DelegatingConstructorAccessorImpl.newInstance(DelegatingConstructorAccessorImpl.java:45)
	at java.lang.reflect.Constructor.newInstance(Constructor.java:423)
	at org.openqa.selenium.remote.ErrorHandler.createThrowable(ErrorHandler.java:214)
	at org.openqa.selenium.remote.ErrorHandler.throwIfResponseFailed(ErrorHandler.java:166)
	at org.openqa.selenium.remote.http.JsonHttpResponseCodec.reconstructValue(JsonHttpResponseCodec.java:40)
	at org.openqa.selenium.remote.http.AbstractHttpResponseCodec.decode(AbstractHttpResponseCodec.java:82)
	at org.openqa.selenium.remote.http.AbstractHttpResponseCodec.decode(AbstractHttpResponseCodec.java:45)
	at org.openqa.selenium.remote.HttpCommandExecutor.execute(HttpCommandExecutor.java:164)
	at org.openqa.selenium.remote.service.DriverCommandExecutor.execute(DriverCommandExecutor.java:83)
	at org.openqa.selenium.remote.RemoteWebDriver.execute(RemoteWebDriver.java:586)
	at org.openqa.selenium.remote.RemoteWebDriver.findElement(RemoteWebDriver.java:356)
	at org.openqa.selenium.remote.RemoteWebDriver.findElementByCssSelector(RemoteWebDriver.java:450)
	at org.openqa.selenium.By$ByCssSelector.findElement(By.java:430)
	at org.openqa.selenium.remote.RemoteWebDriver.findElement(RemoteWebDriver.java:348)
	at org.openqa.selenium.support.pagefactory.DefaultElementLocator.findElement(DefaultElementLocator.java:69)
	at org.openqa.selenium.support.pagefactory.AjaxElementLocator.access$001(AjaxElementLocator.java:41)
	at org.openqa.selenium.support.pagefactory.AjaxElementLocator$SlowLoadingElement.isLoaded(AjaxElementLocator.java:157)
	at org.openqa.selenium.support.ui.SlowLoadableComponent.get(SlowLoadableComponent.java:69)
	at org.openqa.selenium.support.pagefactory.AjaxElementLocator.findElement(AjaxElementLocator.java:87)
	... 58 more
</stack-trace>
            </failure>
            <steps>
                <step start="1531832035673" stop="1531832065692" status="passed">
                    <name>Given I login as agent of General Bank Demo</name>
                    <title>Given I login as agent of General Bank Demo</title>
                </step>
                <step start="1531832065693" stop="1531832067709" status="passed">
                    <name>Given User profile for generalbank is created</name>
                    <title>Given User profile for generalbank is created</title>
                </step>
                <step start="1531832067709" stop="1531832070041" status="passed">
                    <name>Given User select General Bank Demo tenant</name>
                    <title>Given User select General Bank Demo tenant</title>
                </step>
                <step start="1531832070042" stop="1531832074293" status="passed">
                    <name>And Click chat icon</name>
                    <title>And Click chat icon</title>
                </step>
                <step start="1531832074293" stop="1531832075246" status="passed">
                    <name>When User enter connect to agent into widget input field</name>
                    <title>When User enter connect to agent into widget input field</title>
                </step>
                <step start="1531832075246" stop="1531832078340" status="passed">
                    <name>Then Agent has new conversation request</name>
                    <title>Then Agent has new conversation request</title>
                </step>
                <step start="1531832078340" stop="1531832131114" status="passed">
                    <name>Given I login as second agent of General Bank Demo</name>
                    <title>Given I login as second agent of General Bank Demo</title>
                </step>
                <step start="1531832131114" stop="1531832131608" status="passed">
                    <name>When First Agent click on new conversation</name>
                    <title>When First Agent click on new conversation</title>
                </step>
                <step start="1531832131608" stop="1531832139358" status="passed">
                    <name>And Agent transfers chat</name>
                    <title>And Agent transfers chat</title>
                </step>
                <step start="1531832139359" stop="1531832154958" status="broken">
                    <name>Then Second agent receives incoming transfer with "Please take care of this one" note from the first agent</name>
                    <title>Then Second agent receives incoming transfer with "Please take care of this one" note from the first agent</title>
                </step>
                <step start="1531832154958" stop="1531832154959" status="canceled">
                    <name>And Second agent can seen transferring agent name, user name and following user's message: 'connect to agent'</name>
                    <title>And Second agent can seen transferring agent name, user name and following user's message: 'connect to agent'</title>
                </step>
                <step start="1531832154959" stop="1531832154959" status="canceled">
                    <name>When Second agent click "Accept transfer" button</name>
                    <title>When Second agent click "Accept transfer" button</title>
                </step>
                <step start="1531832154959" stop="1531832154959" status="canceled">
                    <name>Then Second agent has new conversation request</name>
                    <title>Then Second agent has new conversation request</title>
                </step>
                <step start="1531832154959" stop="1531832154959" status="canceled">
                    <name>And From agent chat should be removed from agent desk</name>
                    <title>And From agent chat should be removed from agent desk</title>
                </step>
                <step start="1531832154959" stop="1531832154959" status="canceled">
                    <name>When Second agent click on new conversation</name>
                    <title>When Second agent click on new conversation</title>
                </step>
                <step start="1531832154959" stop="1531832154959" status="canceled">
                    <name>Then Conversation area becomes active with connect to agent user's message in it for second agent</name>
                    <title>Then Conversation area becomes active with connect to agent user's message in it for second agent</title>
                </step>
                <step start="1531832154959" stop="1531832154959" status="canceled">
                    <name>When Second agent responds with hello to User</name>
                    <title>When Second agent responds with hello to User</title>
                </step>
                <step start="1531832154959" stop="1531832154959" status="canceled">
                    <name>Then User have to receive 'hello' text response for his 'connect to agent' input</name>
                    <title>Then User have to receive 'hello' text response for his 'connect to agent' input</title>
                </step>
            </steps>
            <attachments/>
            <labels>
                <label name="story" value="Verify if agent is able to transfer chat via &quot;Transfer chat&quot; button"/>
                <label name="feature" value="Transferring chat"/>
                <label name="host" value="unassigned"/>
                <label name="thread" value="31692@unassigned.main(1)"/>
                <label name="framework" value="CucumberJVM"/>
            </labels>
        </test-case>
    </test-cases>
    <labels>
        <label name="feature" value="Transferring chat"/>
        <label name="language" value="JAVA"/>
    </labels>
</ns2:test-suite>
